<?xml version="1.0" encoding="UTF-8"?>
<!-- Generated by org.testng.reporters.JUnitReportReporter -->
<testsuite skipped="0" hostname="srujanas-MBP.attlocal.net" name="com.maven.testNG.TestNgTest11" tests="3" failures="0" timestamp="24 Jun 2024 14:57:15 GMT" time="0.004" errors="0">
  <testcase name="testscript_2" time="0.001" classname="com.maven.testNG.TestNgTest11"/>
  <testcase name="testscript_1" time="0.002" classname="com.maven.testNG.TestNgTest11"/>
  <testcase name="testscript_3" time="0.001" classname="com.maven.testNG.TestNgTest11"/>
</testsuite> <!-- com.maven.testNG.TestNgTest11 -->
