<?xml version="1.0" encoding="UTF-8"?>
<!-- Generated by org.testng.reporters.JUnitReportReporter -->
<testsuite skipped="0" hostname="srujanas-MBP.attlocal.net" name="com.maven.testNG.TestDataProvider" tests="2" failures="0" timestamp="24 Jun 2024 14:57:15 GMT" time="0.001" errors="0">
  <testcase name="myTestMethod" time="0.000" classname="com.maven.testNG.TestDataProvider"/>
  <testcase name="myTestMethod" time="0.001" classname="com.maven.testNG.TestDataProvider"/>
</testsuite> <!-- com.maven.testNG.TestDataProvider -->
