<?xml version="1.0" encoding="UTF-8"?>
<!-- Generated by org.testng.reporters.JUnitReportReporter -->
<testsuite hostname="srujanas-MBP.attlocal.net" failures="0" tests="3" name="com.maven.testNG.TestNgTest11" time="0.039" errors="0" timestamp="2024-06-18T11:04:24 CDT" skipped="0">
  <testcase classname="com.maven.testNG.TestNgTest11" name="testscript_3" time="0.011"/>
  <system-out/>
  <testcase classname="com.maven.testNG.TestNgTest11" name="testscript_1" time="0.025"/>
  <system-out/>
  <testcase classname="com.maven.testNG.TestNgTest11" name="testscript_2" time="0.003"/>
  <system-out/>
</testsuite> <!-- com.maven.testNG.TestNgTest11 -->
